2025-01-21 03:52:46,966{GMT}	INFO	[jepsen test runner] jepsen.core: Test version 9293e037081260a0caae9b3f09dfac1ce9493d11 (plus uncommitted changes)
2025-01-21 03:52:46,967{GMT}	INFO	[jepsen test runner] jepsen.core: Command line:
lein run test -w echo --bin ../maelstrom-echo/maelstrom-echo --node-count 1 --time-limit 10
2025-01-21 03:52:46,997{GMT}	INFO	[jepsen test runner] jepsen.core: Running test:
{:args []
 :remote
 #jepsen.control.retry.Remote{:remote #jepsen.control.scp.Remote{:cmd-remote #jepsen.control.sshj.SSHJRemote{:concurrency-limit 6,
                                                                                                             :conn-spec nil,
                                                                                                             :client nil,
                                                                                                             :semaphore nil},
                                                                 :conn-spec nil},
                              :conn nil}
 :log-net-send false
 :node-count 1
 :availability nil
 :max-txn-length 4
 :concurrency 1
 :db
 #object[maelstrom.db$db$reify__16142
         "0xbc70176"
         "maelstrom.db$db$reify__16142@bc70176"]
 :max-writes-per-key 16
 :leave-db-running? false
 :name "echo"
 :logging-json? false
 :start-time
 #object[org.joda.time.DateTime "0x4f143176" "2025-01-21T03:52:46.943+07:00"]
 :nemesis-interval 10
 :net
 #object[maelstrom.net$jepsen_net$reify__15251
         "0x12568b11"
         "maelstrom.net$jepsen_net$reify__15251@12568b11"]
 :client
 #object[maelstrom.workload.echo$client$reify__16863
         "0x4f8186a5"
         "maelstrom.workload.echo$client$reify__16863@4f8186a5"]
 :barrier
 #object[java.util.concurrent.CyclicBarrier
         "0x69554e5a"
         "java.util.concurrent.CyclicBarrier@69554e5a"]
 :log-stderr false
 :pure-generators true
 :ssh {:dummy? true}
 :rate 5
 :checker
 #object[jepsen.checker$compose$reify__11881
         "0x7244d87"
         "jepsen.checker$compose$reify__11881@7244d87"]
 :argv
 ("test"
  "-w"
  "echo"
  "--bin"
  "../maelstrom-echo/maelstrom-echo"
  "--node-count"
  "1"
  "--time-limit"
  "10")
 :nemesis
 (jepsen.nemesis.ReflCompose
  {:fm {:start-partition 0,
        :stop-partition 0,
        :kill 1,
        :start 1,
        :pause 1,
        :resume 1},
   :nemeses [#unprintable "jepsen.nemesis.combined$partition_nemesis$reify__16416@210c4071"
             #unprintable "jepsen.nemesis.combined$db_nemesis$reify__16397@627b5e5b"]})
 :nodes ["n0"]
 :test-count 1
 :latency {:mean 0, :dist :constant}
 :bin "../maelstrom-echo/maelstrom-echo"
 :generator
 (jepsen.generator.TimeLimit
  {:limit 10000000000,
   :cutoff nil,
   :gen (jepsen.generator.Any
         {:gens [(jepsen.generator.OnThreads
                  {:f #{:nemesis},
                   :context-filter #object[jepsen.generator.context$make_thread_filter$lazy_filter__9167
                                           "0x156322ce"
                                           "jepsen.generator.context$make_thread_filter$lazy_filter__9167@156322ce"],
                   :gen nil})
                 (jepsen.generator.OnThreads
                  {:f #jepsen.generator.context.AllBut{:element :nemesis},
                   :context-filter #object[jepsen.generator.context$make_thread_filter$lazy_filter__9167
                                           "0x546f0f36"
                                           "jepsen.generator.context$make_thread_filter$lazy_filter__9167@546f0f36"],
                   :gen (jepsen.generator.Stagger
                         {:dt 400000000,
                          :next-time nil,
                          :gen (jepsen.generator.EachThread
                                {:fresh-gen #object[maelstrom.workload.echo$workload$fn__16882
                                                    "0x44d5a0a8"
                                                    "maelstrom.workload.echo$workload$fn__16882@44d5a0a8"],
                                 :context-filters #object[clojure.core$promise$reify__8591
                                                          "0x35d128fd"
                                                          {:status :pending,
                                                           :val nil}],
                                 :gens {}})})})]})})
 :log-net-recv false
 :os
 #object[maelstrom.net$jepsen_os$reify__15254
         "0x39a809db"
         "maelstrom.net$jepsen_os$reify__15254@39a809db"]
 :time-limit 10
 :workload :echo
 :consistency-models [:strict-serializable]
 :topology :grid}

2025-01-21 03:52:47,519{GMT}	INFO	[jepsen node n0] maelstrom.net: Starting Maelstrom network
2025-01-21 03:52:47,520{GMT}	INFO	[jepsen test runner] jepsen.db: Tearing down DB
2025-01-21 03:52:47,520{GMT}	INFO	[jepsen test runner] jepsen.db: Setting up DB
2025-01-21 03:52:47,521{GMT}	INFO	[jepsen node n0] maelstrom.service: Starting services: (lin-kv lin-tso lww-kv seq-kv)
2025-01-21 03:52:47,521{GMT}	INFO	[jepsen node n0] maelstrom.db: Setting up n0
2025-01-21 03:52:47,522{GMT}	INFO	[jepsen node n0] maelstrom.process: launching ../maelstrom-echo/maelstrom-echo []
2025-01-21 03:52:47,947{GMT}	INFO	[jepsen test runner] jepsen.core: Relative time begins now
2025-01-21 03:52:47,959{GMT}	INFO	[jepsen worker 0] jepsen.util: 0	:invoke	:echo	"Please echo 65"
2025-01-21 03:52:47,962{GMT}	INFO	[jepsen worker 0] jepsen.util: 0	:ok	:echo	{:echo "Please echo 65", :in_reply_to 1, :msg_id 1, :type "echo_ok"}
2025-01-21 03:52:48,125{GMT}	INFO	[jepsen worker 0] jepsen.util: 0	:invoke	:echo	"Please echo 47"
2025-01-21 03:52:48,127{GMT}	INFO	[jepsen worker 0] jepsen.util: 0	:ok	:echo	{:echo "Please echo 47", :in_reply_to 2, :msg_id 2, :type "echo_ok"}
2025-01-21 03:52:48,388{GMT}	INFO	[jepsen worker 0] jepsen.util: 0	:invoke	:echo	"Please echo 89"
2025-01-21 03:52:48,393{GMT}	INFO	[jepsen worker 0] jepsen.util: 0	:ok	:echo	{:echo "Please echo 89", :in_reply_to 3, :msg_id 3, :type "echo_ok"}
2025-01-21 03:52:48,484{GMT}	INFO	[jepsen worker 0] jepsen.util: 0	:invoke	:echo	"Please echo 59"
2025-01-21 03:52:48,489{GMT}	INFO	[jepsen worker 0] jepsen.util: 0	:ok	:echo	{:echo "Please echo 59", :in_reply_to 4, :msg_id 4, :type "echo_ok"}
2025-01-21 03:52:48,554{GMT}	INFO	[jepsen worker 0] jepsen.util: 0	:invoke	:echo	"Please echo 11"
2025-01-21 03:52:48,558{GMT}	INFO	[jepsen worker 0] jepsen.util: 0	:ok	:echo	{:echo "Please echo 11", :in_reply_to 5, :msg_id 5, :type "echo_ok"}
2025-01-21 03:52:48,914{GMT}	INFO	[jepsen worker 0] jepsen.util: 0	:invoke	:echo	"Please echo 97"
2025-01-21 03:52:48,919{GMT}	INFO	[jepsen worker 0] jepsen.util: 0	:ok	:echo	{:echo "Please echo 97", :in_reply_to 6, :msg_id 6, :type "echo_ok"}
2025-01-21 03:52:49,128{GMT}	INFO	[jepsen worker 0] jepsen.util: 0	:invoke	:echo	"Please echo 72"
2025-01-21 03:52:49,133{GMT}	INFO	[jepsen worker 0] jepsen.util: 0	:ok	:echo	{:echo "Please echo 72", :in_reply_to 7, :msg_id 7, :type "echo_ok"}
2025-01-21 03:52:49,236{GMT}	INFO	[jepsen worker 0] jepsen.util: 0	:invoke	:echo	"Please echo 46"
2025-01-21 03:52:49,239{GMT}	INFO	[jepsen worker 0] jepsen.util: 0	:ok	:echo	{:echo "Please echo 46", :in_reply_to 8, :msg_id 8, :type "echo_ok"}
2025-01-21 03:52:49,616{GMT}	INFO	[jepsen worker 0] jepsen.util: 0	:invoke	:echo	"Please echo 3"
2025-01-21 03:52:49,620{GMT}	INFO	[jepsen worker 0] jepsen.util: 0	:ok	:echo	{:echo "Please echo 3", :in_reply_to 9, :msg_id 9, :type "echo_ok"}
2025-01-21 03:52:49,672{GMT}	INFO	[jepsen worker 0] jepsen.util: 0	:invoke	:echo	"Please echo 40"
2025-01-21 03:52:49,677{GMT}	INFO	[jepsen worker 0] jepsen.util: 0	:ok	:echo	{:echo "Please echo 40", :in_reply_to 10, :msg_id 10, :type "echo_ok"}
2025-01-21 03:52:50,060{GMT}	INFO	[jepsen worker 0] jepsen.util: 0	:invoke	:echo	"Please echo 110"
2025-01-21 03:52:50,062{GMT}	INFO	[jepsen worker 0] jepsen.util: 0	:ok	:echo	{:echo "Please echo 110", :in_reply_to 11, :msg_id 11, :type "echo_ok"}
2025-01-21 03:52:50,089{GMT}	INFO	[jepsen worker 0] jepsen.util: 0	:invoke	:echo	"Please echo 68"
2025-01-21 03:52:50,094{GMT}	INFO	[jepsen worker 0] jepsen.util: 0	:ok	:echo	{:echo "Please echo 68", :in_reply_to 12, :msg_id 12, :type "echo_ok"}
2025-01-21 03:52:50,145{GMT}	INFO	[jepsen worker 0] jepsen.util: 0	:invoke	:echo	"Please echo 75"
2025-01-21 03:52:50,148{GMT}	INFO	[jepsen worker 0] jepsen.util: 0	:ok	:echo	{:echo "Please echo 75", :in_reply_to 13, :msg_id 13, :type "echo_ok"}
2025-01-21 03:52:50,522{GMT}	INFO	[jepsen worker 0] jepsen.util: 0	:invoke	:echo	"Please echo 32"
2025-01-21 03:52:50,523{GMT}	INFO	[jepsen worker 0] jepsen.util: 0	:ok	:echo	{:echo "Please echo 32", :in_reply_to 14, :msg_id 14, :type "echo_ok"}
2025-01-21 03:52:50,821{GMT}	INFO	[jepsen worker 0] jepsen.util: 0	:invoke	:echo	"Please echo 84"
2025-01-21 03:52:50,825{GMT}	INFO	[jepsen worker 0] jepsen.util: 0	:ok	:echo	{:echo "Please echo 84", :in_reply_to 15, :msg_id 15, :type "echo_ok"}
2025-01-21 03:52:50,953{GMT}	INFO	[jepsen worker 0] jepsen.util: 0	:invoke	:echo	"Please echo 99"
2025-01-21 03:52:50,954{GMT}	INFO	[jepsen worker 0] jepsen.util: 0	:ok	:echo	{:echo "Please echo 99", :in_reply_to 16, :msg_id 16, :type "echo_ok"}
2025-01-21 03:52:51,030{GMT}	INFO	[jepsen worker 0] jepsen.util: 0	:invoke	:echo	"Please echo 97"
2025-01-21 03:52:51,032{GMT}	INFO	[jepsen worker 0] jepsen.util: 0	:ok	:echo	{:echo "Please echo 97", :in_reply_to 17, :msg_id 17, :type "echo_ok"}
2025-01-21 03:52:51,321{GMT}	INFO	[jepsen worker 0] jepsen.util: 0	:invoke	:echo	"Please echo 46"
2025-01-21 03:52:51,324{GMT}	INFO	[jepsen worker 0] jepsen.util: 0	:ok	:echo	{:echo "Please echo 46", :in_reply_to 18, :msg_id 18, :type "echo_ok"}
2025-01-21 03:52:51,698{GMT}	INFO	[jepsen worker 0] jepsen.util: 0	:invoke	:echo	"Please echo 101"
2025-01-21 03:52:51,702{GMT}	INFO	[jepsen worker 0] jepsen.util: 0	:ok	:echo	{:echo "Please echo 101", :in_reply_to 19, :msg_id 19, :type "echo_ok"}
2025-01-21 03:52:52,021{GMT}	INFO	[jepsen worker 0] jepsen.util: 0	:invoke	:echo	"Please echo 99"
2025-01-21 03:52:52,025{GMT}	INFO	[jepsen worker 0] jepsen.util: 0	:ok	:echo	{:echo "Please echo 99", :in_reply_to 20, :msg_id 20, :type "echo_ok"}
2025-01-21 03:52:52,077{GMT}	INFO	[jepsen worker 0] jepsen.util: 0	:invoke	:echo	"Please echo 115"
2025-01-21 03:52:52,078{GMT}	INFO	[jepsen worker 0] jepsen.util: 0	:ok	:echo	{:echo "Please echo 115", :in_reply_to 21, :msg_id 21, :type "echo_ok"}
2025-01-21 03:52:52,178{GMT}	INFO	[jepsen worker 0] jepsen.util: 0	:invoke	:echo	"Please echo 8"
2025-01-21 03:52:52,179{GMT}	INFO	[jepsen worker 0] jepsen.util: 0	:ok	:echo	{:echo "Please echo 8", :in_reply_to 22, :msg_id 22, :type "echo_ok"}
2025-01-21 03:52:52,511{GMT}	INFO	[jepsen worker 0] jepsen.util: 0	:invoke	:echo	"Please echo 60"
2025-01-21 03:52:52,512{GMT}	INFO	[jepsen worker 0] jepsen.util: 0	:ok	:echo	{:echo "Please echo 60", :in_reply_to 23, :msg_id 23, :type "echo_ok"}
2025-01-21 03:52:52,823{GMT}	INFO	[jepsen worker 0] jepsen.util: 0	:invoke	:echo	"Please echo 84"
2025-01-21 03:52:52,825{GMT}	INFO	[jepsen worker 0] jepsen.util: 0	:ok	:echo	{:echo "Please echo 84", :in_reply_to 24, :msg_id 24, :type "echo_ok"}
2025-01-21 03:52:52,839{GMT}	INFO	[jepsen worker 0] jepsen.util: 0	:invoke	:echo	"Please echo 68"
2025-01-21 03:52:52,840{GMT}	INFO	[jepsen worker 0] jepsen.util: 0	:ok	:echo	{:echo "Please echo 68", :in_reply_to 25, :msg_id 25, :type "echo_ok"}
2025-01-21 03:52:53,077{GMT}	INFO	[jepsen worker 0] jepsen.util: 0	:invoke	:echo	"Please echo 7"
2025-01-21 03:52:53,081{GMT}	INFO	[jepsen worker 0] jepsen.util: 0	:ok	:echo	{:echo "Please echo 7", :in_reply_to 26, :msg_id 26, :type "echo_ok"}
2025-01-21 03:52:53,237{GMT}	INFO	[jepsen worker 0] jepsen.util: 0	:invoke	:echo	"Please echo 26"
2025-01-21 03:52:53,239{GMT}	INFO	[jepsen worker 0] jepsen.util: 0	:ok	:echo	{:echo "Please echo 26", :in_reply_to 27, :msg_id 27, :type "echo_ok"}
2025-01-21 03:52:53,362{GMT}	INFO	[jepsen worker 0] jepsen.util: 0	:invoke	:echo	"Please echo 87"
2025-01-21 03:52:53,365{GMT}	INFO	[jepsen worker 0] jepsen.util: 0	:ok	:echo	{:echo "Please echo 87", :in_reply_to 28, :msg_id 28, :type "echo_ok"}
2025-01-21 03:52:53,647{GMT}	INFO	[jepsen worker 0] jepsen.util: 0	:invoke	:echo	"Please echo 38"
2025-01-21 03:52:53,649{GMT}	INFO	[jepsen worker 0] jepsen.util: 0	:ok	:echo	{:echo "Please echo 38", :in_reply_to 29, :msg_id 29, :type "echo_ok"}
2025-01-21 03:52:53,953{GMT}	INFO	[jepsen worker 0] jepsen.util: 0	:invoke	:echo	"Please echo 80"
2025-01-21 03:52:53,954{GMT}	INFO	[jepsen worker 0] jepsen.util: 0	:ok	:echo	{:echo "Please echo 80", :in_reply_to 30, :msg_id 30, :type "echo_ok"}
2025-01-21 03:52:54,304{GMT}	INFO	[jepsen worker 0] jepsen.util: 0	:invoke	:echo	"Please echo 77"
2025-01-21 03:52:54,308{GMT}	INFO	[jepsen worker 0] jepsen.util: 0	:ok	:echo	{:echo "Please echo 77", :in_reply_to 31, :msg_id 31, :type "echo_ok"}
2025-01-21 03:52:54,481{GMT}	INFO	[jepsen worker 0] jepsen.util: 0	:invoke	:echo	"Please echo 27"
2025-01-21 03:52:54,488{GMT}	INFO	[jepsen worker 0] jepsen.util: 0	:ok	:echo	{:echo "Please echo 27", :in_reply_to 32, :msg_id 32, :type "echo_ok"}
2025-01-21 03:52:54,653{GMT}	INFO	[jepsen worker 0] jepsen.util: 0	:invoke	:echo	"Please echo 48"
2025-01-21 03:52:54,657{GMT}	INFO	[jepsen worker 0] jepsen.util: 0	:ok	:echo	{:echo "Please echo 48", :in_reply_to 33, :msg_id 33, :type "echo_ok"}
2025-01-21 03:52:54,945{GMT}	INFO	[jepsen worker 0] jepsen.util: 0	:invoke	:echo	"Please echo 71"
2025-01-21 03:52:54,948{GMT}	INFO	[jepsen worker 0] jepsen.util: 0	:ok	:echo	{:echo "Please echo 71", :in_reply_to 34, :msg_id 34, :type "echo_ok"}
2025-01-21 03:52:55,236{GMT}	INFO	[jepsen worker 0] jepsen.util: 0	:invoke	:echo	"Please echo 21"
2025-01-21 03:52:55,239{GMT}	INFO	[jepsen worker 0] jepsen.util: 0	:ok	:echo	{:echo "Please echo 21", :in_reply_to 35, :msg_id 35, :type "echo_ok"}
2025-01-21 03:52:55,436{GMT}	INFO	[jepsen worker 0] jepsen.util: 0	:invoke	:echo	"Please echo 29"
2025-01-21 03:52:55,439{GMT}	INFO	[jepsen worker 0] jepsen.util: 0	:ok	:echo	{:echo "Please echo 29", :in_reply_to 36, :msg_id 36, :type "echo_ok"}
2025-01-21 03:52:55,787{GMT}	INFO	[jepsen worker 0] jepsen.util: 0	:invoke	:echo	"Please echo 11"
2025-01-21 03:52:55,790{GMT}	INFO	[jepsen worker 0] jepsen.util: 0	:ok	:echo	{:echo "Please echo 11", :in_reply_to 37, :msg_id 37, :type "echo_ok"}
2025-01-21 03:52:56,057{GMT}	INFO	[jepsen worker 0] jepsen.util: 0	:invoke	:echo	"Please echo 52"
2025-01-21 03:52:56,061{GMT}	INFO	[jepsen worker 0] jepsen.util: 0	:ok	:echo	{:echo "Please echo 52", :in_reply_to 38, :msg_id 38, :type "echo_ok"}
2025-01-21 03:52:56,402{GMT}	INFO	[jepsen worker 0] jepsen.util: 0	:invoke	:echo	"Please echo 7"
2025-01-21 03:52:56,404{GMT}	INFO	[jepsen worker 0] jepsen.util: 0	:ok	:echo	{:echo "Please echo 7", :in_reply_to 39, :msg_id 39, :type "echo_ok"}
2025-01-21 03:52:56,440{GMT}	INFO	[jepsen worker 0] jepsen.util: 0	:invoke	:echo	"Please echo 112"
2025-01-21 03:52:56,443{GMT}	INFO	[jepsen worker 0] jepsen.util: 0	:ok	:echo	{:echo "Please echo 112", :in_reply_to 40, :msg_id 40, :type "echo_ok"}
2025-01-21 03:52:56,696{GMT}	INFO	[jepsen worker 0] jepsen.util: 0	:invoke	:echo	"Please echo 49"
2025-01-21 03:52:56,700{GMT}	INFO	[jepsen worker 0] jepsen.util: 0	:ok	:echo	{:echo "Please echo 49", :in_reply_to 41, :msg_id 41, :type "echo_ok"}
2025-01-21 03:52:56,978{GMT}	INFO	[jepsen worker 0] jepsen.util: 0	:invoke	:echo	"Please echo 33"
2025-01-21 03:52:56,982{GMT}	INFO	[jepsen worker 0] jepsen.util: 0	:ok	:echo	{:echo "Please echo 33", :in_reply_to 42, :msg_id 42, :type "echo_ok"}
2025-01-21 03:52:56,999{GMT}	INFO	[jepsen worker 0] jepsen.util: 0	:invoke	:echo	"Please echo 80"
2025-01-21 03:52:57,000{GMT}	INFO	[jepsen worker 0] jepsen.util: 0	:ok	:echo	{:echo "Please echo 80", :in_reply_to 43, :msg_id 43, :type "echo_ok"}
2025-01-21 03:52:57,280{GMT}	INFO	[jepsen worker 0] jepsen.util: 0	:invoke	:echo	"Please echo 109"
2025-01-21 03:52:57,281{GMT}	INFO	[jepsen worker 0] jepsen.util: 0	:ok	:echo	{:echo "Please echo 109", :in_reply_to 44, :msg_id 44, :type "echo_ok"}
2025-01-21 03:52:57,623{GMT}	INFO	[jepsen worker 0] jepsen.util: 0	:invoke	:echo	"Please echo 49"
2025-01-21 03:52:57,627{GMT}	INFO	[jepsen worker 0] jepsen.util: 0	:ok	:echo	{:echo "Please echo 49", :in_reply_to 45, :msg_id 45, :type "echo_ok"}
2025-01-21 03:52:57,829{GMT}	INFO	[jepsen worker 0] jepsen.util: 0	:invoke	:echo	"Please echo 63"
2025-01-21 03:52:57,832{GMT}	INFO	[jepsen worker 0] jepsen.util: 0	:ok	:echo	{:echo "Please echo 63", :in_reply_to 46, :msg_id 46, :type "echo_ok"}
2025-01-21 03:52:57,848{GMT}	INFO	[jepsen test runner] jepsen.core: Run complete, writing
2025-01-21 03:52:57,899{GMT}	INFO	[jepsen node n0] maelstrom.db: Tearing down n0
2025-01-21 03:52:59,568{GMT}	INFO	[jepsen node n0] maelstrom.net: Shutting down Maelstrom network
2025-01-21 03:52:59,571{GMT}	INFO	[jepsen test runner] jepsen.core: Analyzing...
2025-01-21 03:53:07,778{GMT}	INFO	[jepsen test runner] jepsen.core: Analysis complete
2025-01-21 03:53:07,782{GMT}	INFO	[jepsen results] jepsen.store: Wrote /Users/punpun/Documents/Personal/project/gossip-glomers/maelstrom/store/echo/20250121T035246.943+0700/results.edn
2025-01-21 03:53:07,803{GMT}	INFO	[jepsen test runner] jepsen.core: {:perf {:latency-graph {:valid? true},
        :rate-graph {:valid? true},
        :valid? true},
 :timeline {:valid? true},
 :exceptions {:valid? true},
 :stats {:valid? true,
         :count 46,
         :ok-count 46,
         :fail-count 0,
         :info-count 0,
         :by-f {:echo {:valid? true,
                       :count 46,
                       :ok-count 46,
                       :fail-count 0,
                       :info-count 0}}},
 :availability {:valid? true, :ok-fraction 1.0},
 :net {:all {:send-count 94,
             :recv-count 94,
             :msg-count 94,
             :msgs-per-op 2.0434783},
       :clients {:send-count 94, :recv-count 94, :msg-count 94},
       :servers {:send-count 0,
                 :recv-count 0,
                 :msg-count 0,
                 :msgs-per-op 0.0},
       :valid? true},
 :workload {:valid? true, :errors ()},
 :valid? true}


Everything looks good! ヽ(‘ー`)ノ
